<?xml version="1.0" encoding="UTF-8" standalone="no"?>
<!DOCTYPE log SYSTEM "logger.dtd">
<log>
<record>
  <date>2018-10-22T14:48:04</date>
  <millis>1540212484045</millis>
  <sequence>0</sequence>
  <level>START</level>
  <class>com.kms.katalon.core.logging.KeywordLogger</class>
  <method>startSuite</method>
  <thread>1</thread>
  <message>Start Test Suite : Test Suites/Search</message>
  <nestedLevel>0</nestedLevel>
  <property name="name">Search</property>
  <property name="description"></property>
  <property name="id">Test Suites/Search</property>
</record>
<record>
  <date>2018-10-22T14:48:04</date>
  <millis>1540212484083</millis>
  <sequence>1</sequence>
  <level>RUN_DATA</level>
  <class>com.kms.katalon.core.logging.KeywordLogger</class>
  <method>logMessage</method>
  <thread>1</thread>
  <message>Logging run data &amp;apos;hostName&amp;apos; with value &amp;apos;janilsso - LNOR021564.corp.capgemini.com&amp;apos;</message>
  <nestedLevel>0</nestedLevel>
  <property name="hostName">janilsso - LNOR021564.corp.capgemini.com</property>
</record>
<record>
  <date>2018-10-22T14:48:04</date>
  <millis>1540212484086</millis>
  <sequence>2</sequence>
  <level>RUN_DATA</level>
  <class>com.kms.katalon.core.logging.KeywordLogger</class>
  <method>logMessage</method>
  <thread>1</thread>
  <message>Logging run data &amp;apos;os&amp;apos; with value &amp;apos;Windows 10 64bit&amp;apos;</message>
  <nestedLevel>0</nestedLevel>
  <property name="os">Windows 10 64bit</property>
</record>
<record>
  <date>2018-10-22T14:48:04</date>
  <millis>1540212484088</millis>
  <sequence>3</sequence>
  <level>RUN_DATA</level>
  <class>com.kms.katalon.core.logging.KeywordLogger</class>
  <method>logMessage</method>
  <thread>1</thread>
  <message>Logging run data &amp;apos;hostAddress&amp;apos; with value &amp;apos;10.38.102.113&amp;apos;</message>
  <nestedLevel>0</nestedLevel>
  <property name="hostAddress">10.38.102.113</property>
</record>
<record>
  <date>2018-10-22T14:48:04</date>
  <millis>1540212484090</millis>
  <sequence>4</sequence>
  <level>RUN_DATA</level>
  <class>com.kms.katalon.core.logging.KeywordLogger</class>
  <method>logMessage</method>
  <thread>1</thread>
  <message>Logging run data &amp;apos;katalonVersion&amp;apos; with value &amp;apos;5.8.0.1&amp;apos;</message>
  <nestedLevel>0</nestedLevel>
  <property name="katalonVersion">5.8.0.1</property>
</record>
<record>
  <date>2018-10-22T14:48:04</date>
  <millis>1540212484525</millis>
  <sequence>5</sequence>
  <level>START</level>
  <class>com.kms.katalon.core.logging.KeywordLogger</class>
  <method>startTest</method>
  <thread>1</thread>
  <message>Start Test Case : Test Cases/TC1</message>
  <nestedLevel>1</nestedLevel>
  <property name="name">Test Cases/TC1</property>
  <property name="description"></property>
  <property name="id">Test Cases/TC1</property>
  <property name="source">C:\\Users\\janilsso\\git\\KatalonGitTest\\Test Cases\\TC1.tc</property>
  <property name="isOptional">false</property>
</record>
<record>
  <date>2018-10-22T14:48:04</date>
  <millis>1540212484545</millis>
  <sequence>6</sequence>
  <level>END</level>
  <class>com.kms.katalon.core.logging.KeywordLogger</class>
  <method>endTest</method>
  <thread>1</thread>
  <message>End Test Case : Test Cases/TC1</message>
  <nestedLevel>0</nestedLevel>
</record>
</log>
